<?xml version="1.0" encoding="UTF-8"?>
<robot generator="Robot 3.0.4 (Python 3.7.0 on darwin)" generated="20181204 01:31:51.665">
<suite id="s1" name="Hackerscchool final" source="/Users/Julia/hackerschool_final/Hackerscchool_final">
<suite id="s1-s1" name="Tests" source="/Users/Julia/hackerschool_final/Hackerscchool_final/Tests">
<suite id="s1-s1-s1" name="Test" source="/Users/Julia/hackerschool_final/Hackerscchool_final/Tests/Test.robot">
<kw name="Open Browser To Orangehrmlive" library="Hrm_Keywords" type="setup">
<kw name="Open Browser" library="SeleniumLibrary">
<doc>Opens a new browser instance to the given ``url``.</doc>
<arguments>
<arg>https://opensource-demo.orangehrmlive.com/</arg>
<arg>chrome</arg>
</arguments>
<msg timestamp="20181204 01:31:52.373" level="INFO">Opening browser 'chrome' to base url 'https://opensource-demo.orangehrmlive.com/'.</msg>
<status status="PASS" starttime="20181204 01:31:52.372" endtime="20181204 01:32:00.203"></status>
</kw>
<status status="PASS" starttime="20181204 01:31:52.371" endtime="20181204 01:32:00.207"></status>
</kw>
<test id="s1-s1-s1-t1" name="Login Admin">
<kw name="Login" library="Hrm_Keywords">
<arguments>
<arg>${admin_loginname}</arg>
<arg>${admin_password}</arg>
</arguments>
<kw name="Input Text" library="SeleniumLibrary">
<doc>Types the given ``text`` into text field identified by ``locator``.</doc>
<arguments>
<arg>${username_input}</arg>
<arg>${admin_loginname}</arg>
</arguments>
<msg timestamp="20181204 01:32:00.213" level="INFO">Typing text 'Admin' into text field 'id=txtUsername'.</msg>
<status status="PASS" starttime="20181204 01:32:00.212" endtime="20181204 01:32:01.061"></status>
</kw>
<kw name="Input Password" library="SeleniumLibrary">
<doc>Types the given password into text field identified by ``locator``.</doc>
<arguments>
<arg>${password_input}</arg>
<arg>${admin_password}</arg>
</arguments>
<msg timestamp="20181204 01:32:01.063" level="INFO">Typing password into text field 'id=txtPassword'.</msg>
<status status="PASS" starttime="20181204 01:32:01.062" endtime="20181204 01:32:01.518"></status>
</kw>
<kw name="Click Button" library="SeleniumLibrary">
<doc>Clicks button identified by ``locator``.</doc>
<arguments>
<arg>${login_button}</arg>
</arguments>
<msg timestamp="20181204 01:32:01.520" level="INFO">Clicking button 'id=btnLogin'.</msg>
<status status="PASS" starttime="20181204 01:32:01.519" endtime="20181204 01:32:03.802"></status>
</kw>
<status status="PASS" starttime="20181204 01:32:00.210" endtime="20181204 01:32:03.803"></status>
</kw>
<status status="PASS" starttime="20181204 01:32:00.207" endtime="20181204 01:32:03.804" critical="yes"></status>
</test>
<test id="s1-s1-s1-t2" name="Open Recruitment / Vacancies section">
<kw name="Sleep" library="BuiltIn">
<doc>Pauses the test executed for the given time.</doc>
<arguments>
<arg>3</arg>
</arguments>
<msg timestamp="20181204 01:32:06.812" level="INFO">Slept 3 seconds</msg>
<status status="PASS" starttime="20181204 01:32:03.807" endtime="20181204 01:32:06.813"></status>
</kw>
<kw name="Open Sections" library="Hrm_Keywords">
<kw name="Wait Until Page Contains Element" library="SeleniumLibrary">
<doc>Waits until element ``locator`` appears on current page.</doc>
<arguments>
<arg>${recruitment_tab}</arg>
</arguments>
<status status="PASS" starttime="20181204 01:32:06.817" endtime="20181204 01:32:06.864"></status>
</kw>
<kw name="Click Element" library="SeleniumLibrary">
<doc>Click element identified by ``locator``.</doc>
<arguments>
<arg>${recruitment_tab}</arg>
</arguments>
<msg timestamp="20181204 01:32:06.866" level="INFO">Clicking element 'id=menu_recruitment_viewRecruitmentModule'.</msg>
<status status="PASS" starttime="20181204 01:32:06.865" endtime="20181204 01:32:08.593"></status>
</kw>
<kw name="Click Element" library="SeleniumLibrary">
<doc>Click element identified by ``locator``.</doc>
<arguments>
<arg>${vacancies_subtab}</arg>
</arguments>
<msg timestamp="20181204 01:32:08.596" level="INFO">Clicking element 'id=menu_recruitment_viewJobVacancy'.</msg>
<status status="PASS" starttime="20181204 01:32:08.594" endtime="20181204 01:32:09.805"></status>
</kw>
<kw name="Wait Until Page Contains Element" library="SeleniumLibrary">
<doc>Waits until element ``locator`` appears on current page.</doc>
<arguments>
<arg>${open_vacancy_form}</arg>
</arguments>
<status status="PASS" starttime="20181204 01:32:09.807" endtime="20181204 01:32:09.888"></status>
</kw>
<status status="PASS" starttime="20181204 01:32:06.814" endtime="20181204 01:32:09.889"></status>
</kw>
<status status="PASS" starttime="20181204 01:32:03.806" endtime="20181204 01:32:09.890" critical="yes"></status>
</test>
<test id="s1-s1-s1-t3" name="Open new vacancy form">
<kw name="Open form" library="Hrm_Keywords">
<kw name="Click Element" library="SeleniumLibrary">
<doc>Click element identified by ``locator``.</doc>
<arguments>
<arg>${open_vacancy_form}</arg>
</arguments>
<msg timestamp="20181204 01:32:09.894" level="INFO">Clicking element 'name=btnAdd'.</msg>
<status status="PASS" starttime="20181204 01:32:09.893" endtime="20181204 01:32:11.072"></status>
</kw>
<kw name="Wait Until Page Contains Element" library="SeleniumLibrary">
<doc>Waits until element ``locator`` appears on current page.</doc>
<arguments>
<arg>${job_title_select}</arg>
</arguments>
<status status="PASS" starttime="20181204 01:32:11.072" endtime="20181204 01:32:11.219"></status>
</kw>
<status status="PASS" starttime="20181204 01:32:09.892" endtime="20181204 01:32:11.221"></status>
</kw>
<status status="PASS" starttime="20181204 01:32:09.891" endtime="20181204 01:32:11.223" critical="yes"></status>
</test>
<test id="s1-s1-s1-t4" name="Fill in the new vacancies form and save it">
<kw name="Fill in form and save" library="Hrm_Keywords">
<kw name="Select From List By Value" library="SeleniumLibrary">
<doc>Selects options from selection list ``locator`` by ``values``.</doc>
<arguments>
<arg>${job_title_select}</arg>
<arg>8</arg>
</arguments>
<msg timestamp="20181204 01:32:11.229" level="INFO">Selecting options from selection list 'id=addJobVacancy_jobTitle' by value 8.</msg>
<status status="PASS" starttime="20181204 01:32:11.228" endtime="20181204 01:32:11.693"></status>
</kw>
<kw name="Input Text" library="SeleniumLibrary">
<doc>Types the given ``text`` into text field identified by ``locator``.</doc>
<arguments>
<arg>${vacancy_name_input}</arg>
<arg>Julia</arg>
</arguments>
<msg timestamp="20181204 01:32:11.704" level="INFO">Typing text 'Julia' into text field 'id=addJobVacancy_name'.</msg>
<status status="PASS" starttime="20181204 01:32:11.694" endtime="20181204 01:32:12.225"></status>
</kw>
<kw name="Input Text" library="SeleniumLibrary">
<doc>Types the given ``text`` into text field identified by ``locator``.</doc>
<arguments>
<arg>${hiring_manager_input}</arg>
<arg>${hiring_manager}</arg>
</arguments>
<msg timestamp="20181204 01:32:12.228" level="INFO">Typing text 'John Smith' into text field 'id=addJobVacancy_hiringManager'.</msg>
<status status="PASS" starttime="20181204 01:32:12.226" endtime="20181204 01:32:13.005"></status>
</kw>
<kw name="Input Text" library="SeleniumLibrary">
<doc>Types the given ``text`` into text field identified by ``locator``.</doc>
<arguments>
<arg>${number_of_positions_input}</arg>
<arg>${number_of_positions}</arg>
</arguments>
<msg timestamp="20181204 01:32:13.013" level="INFO">Typing text '1' into text field 'id=addJobVacancy_noOfPositions'.</msg>
<status status="PASS" starttime="20181204 01:32:13.011" endtime="20181204 01:32:13.299"></status>
</kw>
<kw name="Input Text" library="SeleniumLibrary">
<doc>Types the given ``text`` into text field identified by ``locator``.</doc>
<arguments>
<arg>${description_textarea}</arg>
<arg>${description}</arg>
</arguments>
<msg timestamp="20181204 01:32:13.300" level="INFO">Typing text 'Description' into text field 'id=addJobVacancy_description'.</msg>
<status status="PASS" starttime="20181204 01:32:13.299" endtime="20181204 01:32:13.885"></status>
</kw>
<kw name="Select Checkbox" library="SeleniumLibrary">
<doc>Selects checkbox identified by ``locator``.</doc>
<arguments>
<arg>${vacancy_status_checkbox}</arg>
</arguments>
<msg timestamp="20181204 01:32:13.892" level="INFO">Selecting checkbox 'id=addJobVacancy_status'.</msg>
<status status="PASS" starttime="20181204 01:32:13.888" endtime="20181204 01:32:14.094"></status>
</kw>
<kw name="Checkbox Should Be Selected" library="SeleniumLibrary">
<doc>Verifies checkbox ``locator`` is selected/checked.</doc>
<arguments>
<arg>${vacancy_status_checkbox}</arg>
</arguments>
<msg timestamp="20181204 01:32:14.096" level="INFO">Verifying checkbox 'id=addJobVacancy_status' is selected.</msg>
<status status="PASS" starttime="20181204 01:32:14.095" endtime="20181204 01:32:14.162"></status>
</kw>
<kw name="Unselect Checkbox" library="SeleniumLibrary">
<doc>Removes selection of checkbox identified by ``locator``.</doc>
<arguments>
<arg>${publish_in_rss_checkbox}</arg>
</arguments>
<msg timestamp="20181204 01:32:14.164" level="INFO">Unselecting checkbox 'id=addJobVacancy_publishedInFeed'.</msg>
<status status="PASS" starttime="20181204 01:32:14.163" endtime="20181204 01:32:14.558"></status>
</kw>
<kw name="Checkbox Should Not Be Selected" library="SeleniumLibrary">
<doc>Verifies checkbox ``locator`` is not selected/checked.</doc>
<arguments>
<arg>${publish_in_rss_checkbox}</arg>
</arguments>
<msg timestamp="20181204 01:32:14.561" level="INFO">Verifying checkbox 'id=addJobVacancy_publishedInFeed' is not selected.</msg>
<status status="PASS" starttime="20181204 01:32:14.559" endtime="20181204 01:32:14.656"></status>
</kw>
<kw name="Click Button" library="SeleniumLibrary">
<doc>Clicks button identified by ``locator``.</doc>
<arguments>
<arg>${save_vacancy_button}</arg>
</arguments>
<msg timestamp="20181204 01:32:14.660" level="INFO">Clicking button 'id=btnSave'.</msg>
<status status="PASS" starttime="20181204 01:32:14.658" endtime="20181204 01:32:16.339"></status>
</kw>
<status status="PASS" starttime="20181204 01:32:11.227" endtime="20181204 01:32:16.340"></status>
</kw>
<kw name="Verify Saving Vacancy" library="Hrm_Keywords">
<kw name="Click Element" library="SeleniumLibrary">
<doc>Click element identified by ``locator``.</doc>
<arguments>
<arg>${vacancies_subtab}</arg>
</arguments>
<msg timestamp="20181204 01:32:16.345" level="INFO">Clicking element 'id=menu_recruitment_viewJobVacancy'.</msg>
<status status="PASS" starttime="20181204 01:32:16.343" endtime="20181204 01:32:17.468"></status>
</kw>
<kw name="Page Should Contain" library="SeleniumLibrary">
<doc>Verifies that current page contains ``text``.</doc>
<arguments>
<arg>Julia</arg>
</arguments>
<msg timestamp="20181204 01:32:17.581" level="INFO">Current page contains text 'Julia'.</msg>
<status status="PASS" starttime="20181204 01:32:17.469" endtime="20181204 01:32:17.581"></status>
</kw>
<status status="PASS" starttime="20181204 01:32:16.341" endtime="20181204 01:32:17.582"></status>
</kw>
<status status="PASS" starttime="20181204 01:32:11.226" endtime="20181204 01:32:17.583" critical="yes"></status>
</test>
<test id="s1-s1-s1-t5" name="Test">
<kw name="Get Vacancy Name" library="Hrm_Keywords">
<arguments>
<arg>${prefix}</arg>
</arguments>
<assign>
<var>${vacancy_name}</var>
</assign>
<kw name="Evaluate" library="BuiltIn">
<doc>Evaluates the given expression in Python and returns the results.</doc>
<arguments>
<arg>int(round(time.time() * 1000))</arg>
<arg>time</arg>
</arguments>
<assign>
<var>${time_in_ms}</var>
</assign>
<msg timestamp="20181204 01:32:17.592" level="INFO">${time_in_ms} = 1543883537592</msg>
<status status="PASS" starttime="20181204 01:32:17.591" endtime="20181204 01:32:17.592"></status>
</kw>
<kw name="Catenate" library="BuiltIn">
<doc>Catenates the given items together and returns the resulted string.</doc>
<arguments>
<arg>${prefix}${time_in_ms}</arg>
</arguments>
<assign>
<var>${vacancy_name}</var>
</assign>
<msg timestamp="20181204 01:32:17.594" level="INFO">${vacancy_name} = Julia1543883537592</msg>
<status status="PASS" starttime="20181204 01:32:17.593" endtime="20181204 01:32:17.594"></status>
</kw>
<msg timestamp="20181204 01:32:17.595" level="INFO">${vacancy_name} = Julia1543883537592</msg>
<status status="PASS" starttime="20181204 01:32:17.589" endtime="20181204 01:32:17.596"></status>
</kw>
<status status="PASS" starttime="20181204 01:32:17.587" endtime="20181204 01:32:17.598" critical="yes"></status>
</test>
<kw name="Capture Screenshot And Close browser" library="Hrm_Keywords" type="teardown">
<kw name="Capture Page Screenshot" library="SeleniumLibrary">
<doc>Takes screenshot of the current page and embeds it into log file.</doc>
<msg timestamp="20181204 01:32:17.978" level="INFO" html="yes">&lt;/td&gt;&lt;/tr&gt;&lt;tr&gt;&lt;td colspan="3"&gt;&lt;a href="selenium-screenshot-5.png"&gt;&lt;img src="selenium-screenshot-5.png" width="800px"&gt;&lt;/a&gt;</msg>
<status status="PASS" starttime="20181204 01:32:17.603" endtime="20181204 01:32:17.980"></status>
</kw>
<kw name="Close Browser" library="SeleniumLibrary">
<doc>Closes the current browser.</doc>
<status status="PASS" starttime="20181204 01:32:17.981" endtime="20181204 01:32:18.382"></status>
</kw>
<status status="PASS" starttime="20181204 01:32:17.602" endtime="20181204 01:32:18.386"></status>
</kw>
<status status="PASS" starttime="20181204 01:31:51.796" endtime="20181204 01:32:18.387"></status>
</suite>
<status status="PASS" starttime="20181204 01:31:51.793" endtime="20181204 01:32:18.466"></status>
</suite>
<status status="PASS" starttime="20181204 01:31:51.734" endtime="20181204 01:32:18.687"></status>
</suite>
<statistics>
<total>
<stat pass="5" fail="0">Critical Tests</stat>
<stat pass="5" fail="0">All Tests</stat>
</total>
<tag>
</tag>
<suite>
<stat pass="5" fail="0" id="s1" name="Hackerscchool final">Hackerscchool final</stat>
<stat pass="5" fail="0" id="s1-s1" name="Tests">Hackerscchool final.Tests</stat>
<stat pass="5" fail="0" id="s1-s1-s1" name="Test">Hackerscchool final.Tests.Test</stat>
</suite>
</statistics>
<errors>
</errors>
</robot>
